<?xml version="1.0" encoding="UTF-8"?>
<!-- Generated by org.testng.reporters.JUnitReportReporter -->
<testsuite hostname="Arunas-MacBook-Pro.local" failures="0" tests="1" name="Tests_POST" time="1.719" errors="0" timestamp="2021-07-10T14:25:21 MST" skipped="0">
  <testcase classname="Tests_POST" name="test_01_post" time="1.719"/>
  <system-out/>
</testsuite> <!-- Tests_POST -->
