<?xml version="1.0" encoding="UTF-8"?>
<!-- Generated by org.testng.reporters.JUnitReportReporter -->
<testsuite hostname="Arunas-MacBook-Pro.local" failures="0" tests="2" name="Demos.DataDrivenExamples" time="1.463" errors="0" timestamp="2021-07-11T12:17:38 MST" skipped="0">
  <testcase classname="Demos.DataDrivenExamples" name="test_local_post" time="0.027"/>
  <system-out/>
  <testcase classname="Demos.DataDrivenExamples" name="test_local_post" time="1.436"/>
  <system-out/>
</testsuite> <!-- Demos.DataDrivenExamples -->
