<?xml version="1.0" encoding="UTF-8"?>
<!-- Generated by org.testng.reporters.JUnitReportReporter -->
<testsuite hostname="Arunas-MacBook-Pro.local" failures="0" tests="1" name="Demos.Tests_POST" time="1.647" errors="0" timestamp="2021-07-11T19:19:06 MST" skipped="0">
  <testcase classname="Demos.Tests_POST" name="test_01_post" time="1.647"/>
  <system-out/>
</testsuite> <!-- Demos.Tests_POST -->
