<?xml version="1.0" encoding="UTF-8"?>
<!-- Generated by org.testng.reporters.JUnitReportReporter -->
<testsuite hostname="Arunas-MacBook-Pro.local" failures="0" tests="1" name="Demos.Tests_httpMethods_Local" time="1.388" errors="0" timestamp="2021-07-12T09:33:58 MST" skipped="0">
  <testcase classname="Demos.Tests_httpMethods_Local" name="test_local_post" time="1.388"/>
  <system-out/>
</testsuite> <!-- Demos.Tests_httpMethods_Local -->
