<?xml version="1.0" encoding="UTF-8"?>
<!-- Generated by org.testng.reporters.JUnitReportReporter -->
<testsuite hostname="Arunas-MacBook-Pro.local" failures="0" tests="2" name="Tests_GET" time="1.616" errors="0" timestamp="2021-07-10T17:40:13 MST" skipped="0">
  <testcase classname="Tests_GET" name="test_02" time="0.039"/>
  <system-out/>
  <testcase classname="Tests_GET" name="test_01" time="1.577"/>
  <system-out/>
</testsuite> <!-- Tests_GET -->
