<?xml version="1.0" encoding="UTF-8"?>
<!-- Generated by org.testng.reporters.JUnitReportReporter -->
<testsuite hostname="Arunas-MacBook-Pro.local" failures="0" tests="2" name="Tests_Put" time="1.943" errors="0" timestamp="2021-07-10T19:12:03 MST" skipped="0">
  <testcase classname="Tests_Put" name="test_local_delete" time="0.056"/>
  <system-out/>
  <testcase classname="Tests_Put" name="test_01_put" time="1.887"/>
  <system-out/>
</testsuite> <!-- Tests_Put -->
