<?xml version="1.0" encoding="UTF-8"?>
<!-- Generated by org.testng.reporters.JUnitReportReporter -->
<testsuite hostname="Arunas-MacBook-Pro.local" failures="0" tests="2" name="DataDrivenExamples" time="1.100" errors="0" timestamp="2021-07-10T19:46:18 MST" skipped="0">
  <testcase classname="DataDrivenExamples" name="test_local_delete" time="1.080"/>
  <system-out/>
  <testcase classname="DataDrivenExamples" name="test_local_delete" time="0.020"/>
  <system-out/>
</testsuite> <!-- DataDrivenExamples -->
