<?xml version="1.0" encoding="UTF-8"?>
<!-- Generated by org.testng.reporters.JUnitReportReporter -->
<testsuite hostname="Arunas-MacBook-Pro.local" failures="0" tests="2" name="Demos.Tests_GET" time="1.664" errors="0" timestamp="2021-07-11T12:21:45 MST" skipped="0">
  <testcase classname="Demos.Tests_GET" name="test_localhost_get_pathParam" time="0.043"/>
  <system-out/>
  <testcase classname="Demos.Tests_GET" name="test_01" time="1.621"/>
  <system-out/>
</testsuite> <!-- Demos.Tests_GET -->
