<?xml version="1.0" encoding="UTF-8"?>
<!-- Generated by org.testng.reporters.JUnitReportReporter -->
<testsuite hostname="Arunas-MacBook-Pro.local" failures="0" tests="2" name="Test01_GET" time="4.498" errors="0" timestamp="2021-07-10T13:29:07 MST" skipped="0">
  <testcase classname="Test01_GET" name="test_02" time="2.838"/>
  <system-out/>
  <testcase classname="Test01_GET" name="test_01" time="1.660"/>
  <system-out/>
</testsuite> <!-- Test01_GET -->
